<?xml version="1.0" encoding="UTF-8"?>
<!-- Generated by org.testng.reporters.JUnitReportReporter -->
<testsuite hostname="DESKTOP-MU9FTSU" failures="0" tests="1" name="test.LoginTest" time="36.781" errors="0" timestamp="2025-10-22T16:42:54 IST" skipped="0">
  <testcase classname="test.LoginTest" name="testCreateAdminUser" time="36.781"/>
</testsuite> <!-- test.LoginTest -->
